<?xml version="1.0" encoding="UTF-8"?>
<!-- Generated by org.testng.reporters.JUnitXMLReporter -->
<testsuite hostname="DESKTOP-K9EHMR9" ignored="0" name="Default test" tests="4" failures="0" timestamp="2020-08-27T18:14:52 IST" time="0.145" errors="0">
  <testcase name="div" time="0.018" classname="com.las.demo"/>
  <testcase name="mul" time="0.002" classname="com.las.demo"/>
  <testcase name="sub" time="0.001" classname="com.las.demo"/>
  <testcase name="sum" time="0.001" classname="com.las.demo"/>
</testsuite> <!-- Default test -->
