<?xml version="1.0" encoding="UTF-8"?>
<testng-results skipped="0" failed="0" ignored="0" total="4" passed="4">
  <reporter-output>
  </reporter-output>
  <suite name="Suite" duration-ms="173" started-at="2020-08-27T18:25:08 IST" finished-at="2020-08-27T18:25:09 IST">
    <groups>
    </groups>
    <test name="Test" duration-ms="173" started-at="2020-08-27T18:25:08 IST" finished-at="2020-08-27T18:25:09 IST">
      <class name="com.las.demo">
        <test-method status="PASS" signature="div()[pri:0, instance:com.las.demo@1a968a59]" name="div" duration-ms="17" started-at="2020-08-27T18:25:09 IST" finished-at="2020-08-27T18:25:09 IST">
          <reporter-output>
          </reporter-output>
        </test-method> <!-- div -->
        <test-method status="PASS" signature="mul()[pri:0, instance:com.las.demo@1a968a59]" name="mul" duration-ms="0" started-at="2020-08-27T18:25:09 IST" finished-at="2020-08-27T18:25:09 IST">
          <reporter-output>
          </reporter-output>
        </test-method> <!-- mul -->
        <test-method status="PASS" signature="sub()[pri:0, instance:com.las.demo@1a968a59]" name="sub" duration-ms="1" started-at="2020-08-27T18:25:09 IST" finished-at="2020-08-27T18:25:09 IST">
          <reporter-output>
          </reporter-output>
        </test-method> <!-- sub -->
        <test-method status="PASS" signature="sum()[pri:0, instance:com.las.demo@1a968a59]" name="sum" duration-ms="0" started-at="2020-08-27T18:25:09 IST" finished-at="2020-08-27T18:25:09 IST">
          <reporter-output>
          </reporter-output>
        </test-method> <!-- sum -->
      </class> <!-- com.las.demo -->
    </test> <!-- Test -->
  </suite> <!-- Suite -->
</testng-results>
