<?xml version="1.0" encoding="UTF-8"?>
<testng-results skipped="0" failed="0" ignored="0" total="4" passed="4">
  <reporter-output>
  </reporter-output>
  <suite name="Default suite" duration-ms="145" started-at="2020-08-27T18:14:51 IST" finished-at="2020-08-27T18:14:51 IST">
    <groups>
    </groups>
    <test name="Default test" duration-ms="145" started-at="2020-08-27T18:14:51 IST" finished-at="2020-08-27T18:14:51 IST">
      <class name="com.las.demo">
        <test-method status="PASS" signature="div()[pri:0, instance:com.las.demo@458c1321]" name="div" duration-ms="18" started-at="2020-08-27T18:14:51 IST" finished-at="2020-08-27T18:14:51 IST">
          <reporter-output>
          </reporter-output>
        </test-method> <!-- div -->
        <test-method status="PASS" signature="mul()[pri:0, instance:com.las.demo@458c1321]" name="mul" duration-ms="2" started-at="2020-08-27T18:14:51 IST" finished-at="2020-08-27T18:14:51 IST">
          <reporter-output>
          </reporter-output>
        </test-method> <!-- mul -->
        <test-method status="PASS" signature="sub()[pri:0, instance:com.las.demo@458c1321]" name="sub" duration-ms="1" started-at="2020-08-27T18:14:51 IST" finished-at="2020-08-27T18:14:51 IST">
          <reporter-output>
          </reporter-output>
        </test-method> <!-- sub -->
        <test-method status="PASS" signature="sum()[pri:0, instance:com.las.demo@458c1321]" name="sum" duration-ms="1" started-at="2020-08-27T18:14:51 IST" finished-at="2020-08-27T18:14:51 IST">
          <reporter-output>
          </reporter-output>
        </test-method> <!-- sum -->
      </class> <!-- com.las.demo -->
    </test> <!-- Default test -->
  </suite> <!-- Default suite -->
</testng-results>
